2025-09-08 17:11:27,369 - __main__ - INFO - === NEDIS Synthetic Data Pipeline - Phases 3-7 ===
2025-09-08 17:11:27,369 - __main__ - INFO - Phases to run: 4
2025-09-08 17:11:27,369 - __main__ - INFO - Sample days: 1
2025-09-08 17:11:27,369 - __main__ - INFO - Validation sample size: 50000
2025-09-08 17:11:27,380 - src.core.database - INFO - Connected to database: nedis_sample.duckdb
2025-09-08 17:11:27,384 - src.core.database - INFO - Database schemas created successfully
2025-09-08 17:11:27,386 - src.core.config - INFO - Configuration loaded from config/generation_params.yaml
2025-09-08 17:11:27,386 - __main__ - INFO - === Starting Phase 4: Clinical Attributes Generation ===
2025-09-08 17:11:27,386 - __main__ - INFO - Step 1: Initializing clinical records table
2025-09-08 17:11:27,386 - src.clinical.dag_generator - INFO - Initializing clinical records table
2025-09-08 17:11:27,392 - src.core.database - ERROR - Query execution failed: Parser Error: Expected a constant as type modifier
2025-09-08 17:11:27,392 - src.core.database - ERROR - Query: 
                CREATE TABLE nedis_synthetic.clinical_records (
                    index_key VARCHAR PRIMARY KEY,
                    emorg_cd VARCHAR NOT NULL,
                    pat_reg_no VARCHAR NOT NULL,
                    vst_dt VARCHAR NOT NULL,
                    vst_tm VARCHAR NOT NULL,
                    pat_age_gr VARCHAR NOT NULL,
                    pat_sex VARCHAR NOT NULL,
                    pat_do_cd VARCHAR NOT NULL,
                    
                    -- 내원 관련
     
2025-09-08 17:11:27,392 - src.clinical.dag_generator - ERROR - Failed to initialize clinical records table: Parser Error: Expected a constant as type modifier
2025-09-08 17:11:27,392 - __main__ - ERROR - Phase 4 failed: Parser Error: Expected a constant as type modifier
2025-09-08 17:11:27,392 - __main__ - INFO - === Pipeline Execution Summary ===
2025-09-08 17:11:27,392 - __main__ - INFO - Phases completed: 0/1
2025-09-08 17:11:27,392 - __main__ - INFO - Success rate: 0.0%
2025-09-08 17:11:27,392 - __main__ - WARNING - ⚠️ 1 phases failed
