2025-09-08 16:29:07,966 - __main__ - INFO - Initializing database and configuration...
2025-09-08 16:29:07,968 - core.config - INFO - Configuration loaded from config/generation_params.yaml
2025-09-08 16:29:08,026 - core.database - INFO - Connected to database: nedis_sample.duckdb
2025-09-08 16:29:08,034 - core.database - INFO - Database schemas created successfully
2025-09-08 16:29:08,034 - __main__ - INFO - Database: nedis_sample.duckdb
2025-09-08 16:29:08,034 - __main__ - INFO - Config: ConfigManager(file=config/generation_params.yaml, target=9,200,000)
2025-09-08 16:29:08,043 - __main__ - INFO - Found 322,573 records in original data
2025-09-08 16:29:08,043 - __main__ - INFO - === Step 1: Population and Hospital Profiling ===
2025-09-08 16:29:08,050 - __main__ - INFO - Extracting population margins...
2025-09-08 16:29:08,050 - population.profiler - INFO - Starting population margins extraction
2025-09-08 16:29:08,050 - population.profiler - INFO - Found 322,573 records in original data
2025-09-08 16:29:08,077 - population.profiler - INFO - Created 276 population margin combinations
2025-09-08 16:29:08,077 - __main__ - INFO - ✓ Created 276 population margin combinations in 0.03s
2025-09-08 16:29:08,077 - __main__ - INFO - Extracting hospital statistics...
2025-09-08 16:29:08,078 - population.profiler - INFO - Starting hospital statistics extraction
2025-09-08 16:29:08,094 - population.profiler - INFO - Updated statistics for 12 hospitals
2025-09-08 16:29:08,094 - population.profiler - INFO - Capacity range: 36 - 154 (avg: 73)
2025-09-08 16:29:08,094 - __main__ - INFO - ✓ Updated statistics for 12 hospitals in 0.02s
2025-09-08 16:29:08,094 - __main__ - INFO - Generating basic profile report...
2025-09-08 16:29:08,110 - population.profiler - INFO - Basic data profile report generated
2025-09-08 16:29:08,110 - __main__ - INFO - === Step 2: Conditional Probability Extraction ===
2025-09-08 16:29:08,111 - __main__ - INFO - Creating KTAS conditional probability table...
2025-09-08 16:29:08,111 - clinical.conditional_probability - INFO - Starting KTAS conditional probability table creation
2025-09-08 16:29:08,124 - clinical.conditional_probability - INFO - Created 993 KTAS conditional probability records
2025-09-08 16:29:08,124 - clinical.conditional_probability - WARNING - Verification issues: ['10 groups with probability sum != 1.0']
2025-09-08 16:29:08,124 - __main__ - INFO - ✓ Created 993 KTAS probability records in 0.01s
2025-09-08 16:29:08,124 - __main__ - INFO - Creating diagnosis conditional probability table...
2025-09-08 16:29:08,124 - clinical.conditional_probability - INFO - Starting diagnosis conditional probability table creation
2025-09-08 16:29:08,510 - clinical.conditional_probability - INFO - Created 46,368 diagnosis probability records
2025-09-08 16:29:08,510 - clinical.conditional_probability - INFO - Primary diagnosis records: 46,368
2025-09-08 16:29:08,513 - __main__ - INFO - ✓ Created 46,368 diagnosis probability records in 0.39s
2025-09-08 16:29:08,515 - __main__ - INFO - Results saved:
2025-09-08 16:29:08,515 - __main__ - INFO -   - Profile report: outputs/phase1_profile_report_20250908_162908.json
2025-09-08 16:29:08,515 - __main__ - INFO -   - Execution summary: outputs/phase1_summary_20250908_162908.json
2025-09-08 16:29:08,515 - __main__ - INFO -   - Detailed log: logs/phase1_20250908_162907.log
2025-09-08 16:29:08,515 - __main__ - INFO - ============================================================
2025-09-08 16:29:08,515 - __main__ - INFO - ✓ Phase 1 completed successfully!
2025-09-08 16:29:08,515 - __main__ - INFO - Total execution time: 0.55 seconds
2025-09-08 16:29:08,515 - __main__ - INFO - ============================================================
2025-09-08 16:29:08,515 - __main__ - INFO - Next steps:
2025-09-08 16:29:08,515 - __main__ - INFO - 1. Review the generated profile report
2025-09-08 16:29:08,515 - __main__ - INFO - 2. Verify the meta tables in the database
2025-09-08 16:29:08,515 - __main__ - INFO - 3. Run Phase 2: Population & Temporal Pattern Generation
2025-09-08 16:29:08,570 - core.database - INFO - Database connection closed
