2025-09-08 17:16:22,283 - __main__ - INFO - === NEDIS Synthetic Data Pipeline - Phases 3-7 ===
2025-09-08 17:16:22,283 - __main__ - INFO - Phases to run: 4
2025-09-08 17:16:22,283 - __main__ - INFO - Sample days: 1
2025-09-08 17:16:22,283 - __main__ - INFO - Validation sample size: 50000
2025-09-08 17:16:22,337 - src.core.database - INFO - Connected to database: nedis_sample.duckdb
2025-09-08 17:16:22,346 - src.core.database - INFO - Database schemas created successfully
2025-09-08 17:16:22,347 - src.core.config - INFO - Configuration loaded from config/generation_params.yaml
2025-09-08 17:16:22,348 - __main__ - INFO - === Starting Phase 4: Clinical Attributes Generation ===
2025-09-08 17:16:22,348 - __main__ - INFO - Step 1: Initializing clinical records table
2025-09-08 17:16:22,348 - src.clinical.dag_generator - INFO - Initializing clinical records table
2025-09-08 17:16:22,349 - src.clinical.dag_generator - INFO - Clinical records table created successfully
2025-09-08 17:16:22,349 - __main__ - INFO - Step 2: Initializing diagnosis tables
2025-09-08 17:16:22,349 - src.clinical.diagnosis_generator - INFO - Initializing diagnosis tables
2025-09-08 17:16:22,349 - src.clinical.diagnosis_generator - INFO - Diagnosis tables created successfully
2025-09-08 17:16:22,349 - __main__ - INFO - Generating clinical attributes for date: 20170101
2025-09-08 17:16:22,349 - src.clinical.dag_generator - INFO - Generating clinical attributes for date: 20170101
2025-09-08 17:16:22,364 - src.clinical.dag_generator - INFO - Generating 1212 clinical records from 1171 allocation groups
2025-09-08 17:16:22,971 - src.clinical.dag_generator - INFO - Batch inserting 1212 clinical records
2025-09-08 17:16:23,402 - src.clinical.dag_generator - INFO - Batch insertion completed successfully
2025-09-08 17:16:23,407 - src.clinical.dag_generator - INFO - Clinical attributes generation completed: 1212 records
2025-09-08 17:16:23,407 - __main__ - INFO - Clinical attributes generated: 1212 records
2025-09-08 17:16:23,407 - src.clinical.diagnosis_generator - INFO - Generating diagnoses for date: 20170101
2025-09-08 17:16:23,408 - src.clinical.diagnosis_generator - INFO - Generating diagnoses for 1212 patients
2025-09-08 17:16:25,823 - src.clinical.diagnosis_generator - INFO - Batch inserting 1844 ER diagnoses
2025-09-08 17:16:26,176 - src.clinical.diagnosis_generator - INFO - ER diagnoses batch insertion completed
2025-09-08 17:16:26,176 - src.clinical.diagnosis_generator - INFO - Batch inserting 1298 admission diagnoses
2025-09-08 17:16:26,416 - src.clinical.diagnosis_generator - INFO - Admission diagnoses batch insertion completed
2025-09-08 17:16:26,420 - src.clinical.diagnosis_generator - INFO - Diagnosis generation completed: 1844 ER diagnoses, 1298 admission diagnoses
2025-09-08 17:16:26,420 - __main__ - INFO - Diagnoses generated: 1844 ER, 1298 admission
2025-09-08 17:16:26,420 - src.clinical.vitals_generator - INFO - Generating vital signs for date: 20170101
2025-09-08 17:16:26,421 - src.clinical.vitals_generator - INFO - Generating vital signs for 1212 patients
2025-09-08 17:16:26,452 - src.clinical.vitals_generator - INFO - Batch updating vital signs for 1212 patients
2025-09-08 17:16:26,690 - src.clinical.vitals_generator - INFO - Vital signs batch update completed
2025-09-08 17:16:26,693 - src.clinical.vitals_generator - INFO - Vital signs generation completed: 1212 patients updated
2025-09-08 17:16:26,693 - __main__ - INFO - Vital signs generated for 1212 patients
2025-09-08 17:16:26,693 - __main__ - INFO - Phase 4 completed successfully
2025-09-08 17:16:26,693 - __main__ - INFO - === Pipeline Execution Summary ===
2025-09-08 17:16:26,693 - __main__ - INFO - Phases completed: 1/1
2025-09-08 17:16:26,693 - __main__ - INFO - Success rate: 100.0%
2025-09-08 17:16:26,693 - __main__ - INFO - 🎉 All selected phases completed successfully!
2025-09-08 17:16:26,693 - __main__ - INFO - Generating final summary report
2025-09-08 17:16:26,694 - __main__ - INFO - Final summary report saved: outputs/pipeline_summary_report.md
