2025-09-08 17:14:29,234 - __main__ - INFO - === NEDIS Synthetic Data Pipeline - Phases 3-7 ===
2025-09-08 17:14:29,235 - __main__ - INFO - Phases to run: 4
2025-09-08 17:14:29,235 - __main__ - INFO - Sample days: 1
2025-09-08 17:14:29,235 - __main__ - INFO - Validation sample size: 50000
2025-09-08 17:14:29,290 - src.core.database - INFO - Connected to database: nedis_sample.duckdb
2025-09-08 17:14:29,296 - src.core.database - INFO - Database schemas created successfully
2025-09-08 17:14:29,298 - src.core.config - INFO - Configuration loaded from config/generation_params.yaml
2025-09-08 17:14:29,298 - __main__ - INFO - === Starting Phase 4: Clinical Attributes Generation ===
2025-09-08 17:14:29,298 - __main__ - INFO - Step 1: Initializing clinical records table
2025-09-08 17:14:29,298 - src.clinical.dag_generator - INFO - Initializing clinical records table
2025-09-08 17:14:29,299 - src.clinical.dag_generator - INFO - Clinical records table created successfully
2025-09-08 17:14:29,299 - __main__ - INFO - Step 2: Initializing diagnosis tables
2025-09-08 17:14:29,299 - src.clinical.diagnosis_generator - INFO - Initializing diagnosis tables
2025-09-08 17:14:29,299 - src.clinical.diagnosis_generator - INFO - Diagnosis tables created successfully
2025-09-08 17:14:29,299 - __main__ - INFO - Generating clinical attributes for date: 20170101
2025-09-08 17:14:29,299 - src.clinical.dag_generator - INFO - Generating clinical attributes for date: 20170101
2025-09-08 17:14:29,305 - src.clinical.dag_generator - WARNING - No allocation data found for date: 20170101
2025-09-08 17:14:29,305 - __main__ - INFO - Phase 4 completed successfully
2025-09-08 17:14:29,305 - __main__ - INFO - === Pipeline Execution Summary ===
2025-09-08 17:14:29,305 - __main__ - INFO - Phases completed: 1/1
2025-09-08 17:14:29,305 - __main__ - INFO - Success rate: 100.0%
2025-09-08 17:14:29,305 - __main__ - INFO - 🎉 All selected phases completed successfully!
2025-09-08 17:14:29,305 - __main__ - INFO - Generating final summary report
2025-09-08 17:14:29,307 - __main__ - INFO - Final summary report saved: outputs/pipeline_summary_report.md
